2022-05-31 00:35:33,879 keys.py INFO do_get 正在向http://appserver.fecmall.com/cms/home/index发送get请求
2022-05-31 00:35:33,991 keys.py INFO do_post 正在向http://appserver.fecmall.com/customer/register/account发送post请求
2022-05-31 00:35:34,080 keys.py INFO do_post 正在向http://appserver.fecmall.com/customer/register/account发送post请求
2022-05-31 00:35:34,167 keys.py INFO do_post 正在向http://appserver.fecmall.com/customer/register/account发送post请求
2022-05-31 00:35:34,279 keys.py INFO do_post 正在向http://appserver.fecmall.com/customer/register/account发送post请求
2022-05-31 00:35:34,388 keys.py INFO do_post 正在向http://appserver.fecmall.com/customer/register/account发送post请求
2022-05-31 00:35:34,459 keys.py INFO do_post 正在向http://appserver.fecmall.com/customer/register/account发送post请求
2022-05-31 00:35:34,532 keys.py INFO do_post 正在向http://appserver.fecmall.com/customer/register/account发送post请求
2022-05-31 00:35:34,600 keys.py INFO do_post 正在向http://appserver.fecmall.com/customer/register/account发送post请求
2022-05-31 00:35:34,672 keys.py INFO do_post 正在向http://appserver.fecmall.com/customer/register/account发送post请求
2022-05-31 00:35:34,755 keys.py INFO do_post 正在向http://appserver.fecmall.com/customer/register/account发送post请求
2022-05-31 00:35:34,836 keys.py INFO do_post 正在向http://appserver.fecmall.com/customer/login/account发送post请求
2022-05-31 00:35:34,897 keys.py INFO do_post 正在向http://appserver.fecmall.com/customer/login/account发送post请求
2022-05-31 00:35:34,958 keys.py INFO do_post 正在向http://appserver.fecmall.com/customer/login/account发送post请求
2022-05-31 00:35:35,019 keys.py INFO do_post 正在向http://appserver.fecmall.com/customer/login/account发送post请求
2022-05-31 00:35:35,087 keys.py INFO do_post 正在向http://appserver.fecmall.com/customer/login/account发送post请求
2022-05-31 00:35:35,156 keys.py INFO do_post 正在向http://appserver.fecmall.com/customer/login/account发送post请求
2022-05-31 00:35:35,224 keys.py INFO do_get 正在向http://appserver.fecmall.com/customer/account/index发送get请求
2022-05-31 00:35:35,281 keys.py INFO do_get 正在向http://appserver.fecmall.com/customer/address/index发送get请求
2022-05-31 00:35:35,341 keys.py INFO do_post 正在向http://appserver.fecmall.com/checkout/cart/add发送post请求
2022-05-31 00:35:35,424 keys.py INFO do_post 正在向http://appserver.fecmall.com/checkout/cart/add发送post请求
2022-05-31 00:35:35,511 keys.py INFO do_post 正在向http://appserver.fecmall.com/checkout/cart/add发送post请求
2022-05-31 00:35:35,598 keys.py INFO do_get 正在向http://appserver.fecmall.com/checkout/cart/index发送get请求
2022-05-31 00:35:35,686 keys.py INFO do_post 正在向http://appserver.fecmall.com/checkout/onepage/submitorder发送post请求
2022-05-31 00:35:35,816 keys.py INFO do_get 正在向http://appserver.fecmall.com/customer/order/index发送get请求
2022-05-31 00:35:42,399 keys.py INFO do_get 正在向http://appserver.fecmall.com/cms/home/index发送get请求
2022-05-31 00:35:42,473 keys.py INFO do_post 正在向http://appserver.fecmall.com/customer/register/account发送post请求
2022-05-31 00:35:42,544 keys.py INFO do_post 正在向http://appserver.fecmall.com/customer/register/account发送post请求
2022-05-31 00:35:42,609 keys.py INFO do_post 正在向http://appserver.fecmall.com/customer/register/account发送post请求
2022-05-31 00:35:42,677 keys.py INFO do_post 正在向http://appserver.fecmall.com/customer/register/account发送post请求
2022-05-31 00:35:42,748 keys.py INFO do_post 正在向http://appserver.fecmall.com/customer/register/account发送post请求
2022-05-31 00:35:42,813 keys.py INFO do_post 正在向http://appserver.fecmall.com/customer/register/account发送post请求
2022-05-31 00:35:42,880 keys.py INFO do_post 正在向http://appserver.fecmall.com/customer/register/account发送post请求
2022-05-31 00:35:42,950 keys.py INFO do_post 正在向http://appserver.fecmall.com/customer/register/account发送post请求
2022-05-31 00:35:43,020 keys.py INFO do_post 正在向http://appserver.fecmall.com/customer/register/account发送post请求
2022-05-31 00:35:43,087 keys.py INFO do_post 正在向http://appserver.fecmall.com/customer/register/account发送post请求
2022-05-31 00:35:43,155 keys.py INFO do_post 正在向http://appserver.fecmall.com/customer/login/account发送post请求
2022-05-31 00:35:43,214 keys.py INFO do_post 正在向http://appserver.fecmall.com/customer/login/account发送post请求
2022-05-31 00:35:43,278 keys.py INFO do_post 正在向http://appserver.fecmall.com/customer/login/account发送post请求
2022-05-31 00:35:43,338 keys.py INFO do_post 正在向http://appserver.fecmall.com/customer/login/account发送post请求
2022-05-31 00:35:43,405 keys.py INFO do_post 正在向http://appserver.fecmall.com/customer/login/account发送post请求
2022-05-31 00:35:43,471 keys.py INFO do_post 正在向http://appserver.fecmall.com/customer/login/account发送post请求
2022-05-31 00:35:43,542 keys.py INFO do_get 正在向http://appserver.fecmall.com/customer/account/index发送get请求
2022-05-31 00:35:43,596 keys.py INFO do_get 正在向http://appserver.fecmall.com/customer/address/index发送get请求
2022-05-31 00:35:43,650 keys.py INFO do_post 正在向http://appserver.fecmall.com/checkout/cart/add发送post请求
2022-05-31 00:35:43,744 keys.py INFO do_post 正在向http://appserver.fecmall.com/checkout/cart/add发送post请求
2022-05-31 00:35:43,837 keys.py INFO do_post 正在向http://appserver.fecmall.com/checkout/cart/add发送post请求
2022-05-31 00:35:43,940 keys.py INFO do_get 正在向http://appserver.fecmall.com/checkout/cart/index发送get请求
2022-05-31 00:35:44,078 keys.py INFO do_post 正在向http://appserver.fecmall.com/checkout/onepage/submitorder发送post请求
2022-05-31 00:35:44,209 keys.py INFO do_get 正在向http://appserver.fecmall.com/customer/order/index发送get请求
2022-05-31 00:37:12,514 keys.py INFO do_get 正在向http://appserver.fecmall.com/cms/home/index发送get请求
2022-05-31 00:37:12,588 keys.py INFO do_post 正在向http://appserver.fecmall.com/customer/register/account发送post请求
2022-05-31 00:37:12,670 keys.py INFO do_post 正在向http://appserver.fecmall.com/customer/register/account发送post请求
2022-05-31 00:37:12,735 keys.py INFO do_post 正在向http://appserver.fecmall.com/customer/register/account发送post请求
2022-05-31 00:37:12,799 keys.py INFO do_post 正在向http://appserver.fecmall.com/customer/register/account发送post请求
2022-05-31 00:37:12,867 keys.py INFO do_post 正在向http://appserver.fecmall.com/customer/register/account发送post请求
2022-05-31 00:37:12,933 keys.py INFO do_post 正在向http://appserver.fecmall.com/customer/register/account发送post请求
2022-05-31 00:37:13,004 keys.py INFO do_post 正在向http://appserver.fecmall.com/customer/register/account发送post请求
2022-05-31 00:37:13,077 keys.py INFO do_post 正在向http://appserver.fecmall.com/customer/register/account发送post请求
2022-05-31 00:37:13,146 keys.py INFO do_post 正在向http://appserver.fecmall.com/customer/register/account发送post请求
2022-05-31 00:37:13,212 keys.py INFO do_post 正在向http://appserver.fecmall.com/customer/register/account发送post请求
2022-05-31 00:37:13,281 keys.py INFO do_post 正在向http://appserver.fecmall.com/customer/login/account发送post请求
2022-05-31 00:37:13,343 keys.py INFO do_post 正在向http://appserver.fecmall.com/customer/login/account发送post请求
2022-05-31 00:37:13,402 keys.py INFO do_post 正在向http://appserver.fecmall.com/customer/login/account发送post请求
2022-05-31 00:37:13,458 keys.py INFO do_post 正在向http://appserver.fecmall.com/customer/login/account发送post请求
2022-05-31 00:37:13,523 keys.py INFO do_post 正在向http://appserver.fecmall.com/customer/login/account发送post请求
2022-05-31 00:37:13,588 keys.py INFO do_post 正在向http://appserver.fecmall.com/customer/login/account发送post请求
2022-05-31 00:37:13,656 keys.py INFO do_get 正在向http://appserver.fecmall.com/customer/account/index发送get请求
2022-05-31 00:37:13,709 keys.py INFO do_get 正在向http://appserver.fecmall.com/customer/address/index发送get请求
2022-05-31 00:37:13,765 keys.py INFO do_post 正在向http://appserver.fecmall.com/checkout/cart/add发送post请求
2022-05-31 00:37:13,851 keys.py INFO do_post 正在向http://appserver.fecmall.com/checkout/cart/add发送post请求
2022-05-31 00:37:13,937 keys.py INFO do_post 正在向http://appserver.fecmall.com/checkout/cart/add发送post请求
2022-05-31 00:37:14,020 keys.py INFO do_get 正在向http://appserver.fecmall.com/checkout/cart/index发送get请求
2022-05-31 00:37:14,106 keys.py INFO do_post 正在向http://appserver.fecmall.com/checkout/onepage/submitorder发送post请求
2022-05-31 00:37:14,233 keys.py INFO do_get 正在向http://appserver.fecmall.com/customer/order/index发送get请求
